1677010644.0566654
Configuration File Parsed.
1677010644.0568643
Starting network emulator on  8000.

1677010649.056988
Current Average Incoming Traffic: 1238.404724139115 bytes/sec

1677010654.0571887
Current Average Incoming Traffic: 1547.971102204966 bytes/sec

1677010659.0573976
Current Average Incoming Traffic: 1650.6263419359914 bytes/sec

1677010660.740399
Dropped Packet from ('127.0.0.1', 8001)

1677010663.0156507
Dropped Packet from ('127.0.0.1', 8001)

1677010664.057703
Current Average Incoming Traffic: 1701.5419878711068 bytes/sec

1677010669.05788
Current Average Incoming Traffic: 1732.740907654898 bytes/sec

1677010672.024801
Dropped Packet from ('127.0.0.1', 8001)

1677010674.058096
Current Average Incoming Traffic: 1753.2722338140386 bytes/sec

1677010679.0582843
Current Average Incoming Traffic: 1768.1644215467375 bytes/sec

1677010684.0584269
Current Average Incoming Traffic: 1779.3363977886586 bytes/sec

1677010689.058561
Current Average Incoming Traffic: 1788.0267534707598 bytes/sec

1677010694.0587208
Current Average Incoming Traffic: 1794.9787851320684 bytes/sec

1677010698.96806
Dropped Packet from ('127.0.0.1', 8001)

1677010699.0588672
Current Average Incoming Traffic: 1781.9031779368413 bytes/sec

1677010700.6838336
Dropped Packet from ('127.0.0.1', 8001)

1677010701.4412544
Dropped Packet from ('127.0.0.1', 8002)

1677010704.0590017
Current Average Incoming Traffic: 1770.8743084681057 bytes/sec

1677010709.0593438
Current Average Incoming Traffic: 1777.541515748698 bytes/sec

1677010713.0253665
Dropped Packet from ('127.0.0.1', 8002)

1677010714.0595393
Current Average Incoming Traffic: 1783.1354648676952 bytes/sec

1677010719.059698
Current Average Incoming Traffic: 1788.0959844939634 bytes/sec

1677010724.0598423
Current Average Incoming Traffic: 1792.4363515403015 bytes/sec

1677010728.7257228
Dropped Packet from ('127.0.0.1', 8002)

1677010729.0600235
Current Average Incoming Traffic: 1784.2193250034022 bytes/sec

1677010734.0602975
Current Average Incoming Traffic: 1799.6674180091186 bytes/sec

1677010739.0604482
Current Average Incoming Traffic: 1802.7136629452045 bytes/sec

1677010739.3925824
Dropped Packet from ('127.0.0.1', 8002)

1677010744.060633
Current Average Incoming Traffic: 1805.4546700059732 bytes/sec

1677010748.2853775
Dropped Packet from ('127.0.0.1', 8001)

1677010749.0607815
Current Average Incoming Traffic: 1807.8586751719906 bytes/sec

1677010754.0609438
Current Average Incoming Traffic: 1810.1173069718132 bytes/sec

1677010759.0611687
Current Average Incoming Traffic: 1803.2748608752265 bytes/sec

1677010764.0613294
Current Average Incoming Traffic: 1805.5351994438117 bytes/sec

1677010769.0615003
Current Average Incoming Traffic: 1807.6152167321732 bytes/sec

1677010773.056413
Dropped Packet from ('127.0.0.1', 8002)

1677010773.6100862
Dropped Packet from ('127.0.0.1', 8001)

1677010774.061793
Current Average Incoming Traffic: 1801.5337516321513 bytes/sec

1677010779.061949
Current Average Incoming Traffic: 1803.608100419617 bytes/sec

1677010784.0621269
Current Average Incoming Traffic: 1805.4770460695981 bytes/sec

1677010789.062531
Current Average Incoming Traffic: 1807.2690278235007 bytes/sec

1677010794.0627353
Current Average Incoming Traffic: 1808.9447732287763 bytes/sec

1677010798.7635052
Dropped Packet from ('127.0.0.1', 8002)

1677010799.0629075
Current Average Incoming Traffic: 1803.9054493850147 bytes/sec

1677010804.0630834
Current Average Incoming Traffic: 1811.9814940058202 bytes/sec

1677010809.0635026
Current Average Incoming Traffic: 1813.358920020684 bytes/sec

1677010813.3323398
Dropped Packet from ('127.0.0.1', 8002)

1677010814.063674
Current Average Incoming Traffic: 1814.6584396307526 bytes/sec

1677010816.163546
Dropped Packet from ('127.0.0.1', 8002)

1677010819.0638611
Current Average Incoming Traffic: 1815.883441829354 bytes/sec

1677010824.0640044
Current Average Incoming Traffic: 1817.0403067419475 bytes/sec

1677010829.0641444
Current Average Incoming Traffic: 1812.6003495066084 bytes/sec

1677010834.0642707
Current Average Incoming Traffic: 1813.7831521909025 bytes/sec

1677010839.0644333
Current Average Incoming Traffic: 1814.864221581379 bytes/sec

1677010840.202115
Dropped Packet from ('127.0.0.1', 8001)

1677010844.0647736
Current Average Incoming Traffic: 1815.889322258983 bytes/sec

1677010849.064896
Current Average Incoming Traffic: 1816.905558613831 bytes/sec

1677010854.0650272
Current Average Incoming Traffic: 1817.87335598666 bytes/sec

1677010859.0651698
Current Average Incoming Traffic: 1818.7960372522532 bytes/sec

1677010864.065329
Current Average Incoming Traffic: 1819.676753257914 bytes/sec

1677010869.06546
Current Average Incoming Traffic: 1820.5181685223813 bytes/sec

1677010869.4764216
Dropped Packet from ('127.0.0.1', 8002)

1677010871.6466746
Dropped Packet from ('127.0.0.1', 8001)

1677010872.9092104
Dropped Packet from ('127.0.0.1', 8002)

1677010874.0655944
Current Average Incoming Traffic: 1816.8364478687047 bytes/sec

1677010875.6878455
Dropped Packet from ('127.0.0.1', 8001)

1677010879.0657747
Current Average Incoming Traffic: 1817.6344592962023 bytes/sec

1677010879.7423325
Dropped Packet from ('127.0.0.1', 8002)

1677010883.1341987
Dropped Packet from ('127.0.0.1', 8002)

1677010884.0660653
Current Average Incoming Traffic: 1818.4653300872585 bytes/sec

1677010889.0662198
Current Average Incoming Traffic: 1819.2621883856336 bytes/sec

1677010891.4637136
Dropped Packet from ('127.0.0.1', 8001)

1677010894.0663745
Current Average Incoming Traffic: 1819.9958501309782 bytes/sec

1677010899.0665169
Current Average Incoming Traffic: 1820.7320528561856 bytes/sec

1677010904.066691
Current Average Incoming Traffic: 1821.4397899506453 bytes/sec

1677010905.5081973
Dropped Packet from ('127.0.0.1', 8001)

1677010909.0668385
Current Average Incoming Traffic: 1822.0909095172658 bytes/sec

1677010914.066983
Current Average Incoming Traffic: 1822.7473878034223 bytes/sec

1677010919.0671606
Current Average Incoming Traffic: 1819.6565741753043 bytes/sec

1677010921.8834121
Dropped Packet from ('127.0.0.1', 8002)

1677010924.0673013
Current Average Incoming Traffic: 1820.332982464209 bytes/sec

1677010924.614367
Dropped Packet from ('127.0.0.1', 8001)

1677010925.2664547
Dropped Packet from ('127.0.0.1', 8001)

1677010928.5577486
Dropped Packet from ('127.0.0.1', 8002)

1677010929.0674353
Current Average Incoming Traffic: 1817.2808328118836 bytes/sec

1677010929.2098107
Dropped Packet from ('127.0.0.1', 8002)

1677010934.0675955
Current Average Incoming Traffic: 1814.44413657307 bytes/sec

1677010936.3229122
Dropped Packet from ('127.0.0.1', 8002)

1677010938.4942882
Dropped Packet from ('127.0.0.1', 8001)

1677010939.0677793
Current Average Incoming Traffic: 1815.1202565164947 bytes/sec

1677010944.067931
Current Average Incoming Traffic: 1815.827186426525 bytes/sec

1677010949.0681143
Current Average Incoming Traffic: 1816.5111016436924 bytes/sec

1677010952.5382955
Dropped Packet from ('127.0.0.1', 8001)

1677010954.068302
Current Average Incoming Traffic: 1817.1468143219313 bytes/sec

1677010956.4992328
Dropped Packet from ('127.0.0.1', 8001)

1677010959.0684588
Current Average Incoming Traffic: 1817.7624459988128 bytes/sec

1677010959.4402
Dropped Packet from ('127.0.0.1', 8002)

1677010964.0686033
Current Average Incoming Traffic: 1818.3840672202293 bytes/sec

1677010969.068753
Current Average Incoming Traffic: 1818.98658312492 bytes/sec

1677010974.0689256
Current Average Incoming Traffic: 1819.5707372674256 bytes/sec

1677010979.0690694
Current Average Incoming Traffic: 1817.0807933632523 bytes/sec

1677010984.0131934
Dropped Packet from ('127.0.0.1', 8001)

1677010984.069628
Current Average Incoming Traffic: 1817.6502363894251 bytes/sec

1677010989.0697887
Current Average Incoming Traffic: 1815.3472725788342 bytes/sec

1677010989.196724
Test Complete. Terminating...

